
WARNING from PE     0: MOM_file_parser : DT over-ridden.  Line: 'DT = 1080.' in file MOM_override.


WARNING from PE     0: MOM_file_parser : NIGLOBAL over-ridden.  Line: 'NIGLOBAL = 88' in file MOM_override.


WARNING from PE     0: MOM_file_parser : NJGLOBAL over-ridden.  Line: 'NJGLOBAL = 80' in file MOM_override.


WARNING from PE     0: depth_list_setup: ./Depth_list.nc does not exist.  Creating a new file.


WARNING from PE     0: MOM_file_parser : DT_FORCING over-ridden.  Line: 'DT_FORCING = 1080.' in file MOM_override.


WARNING from PE     0: MOM_file_parser : DAYMAX over-ridden.  Line: 'DAYMAX = 7300.0' in file MOM_override.


WARNING from PE     0: MOM_file_parser : RESTINT over-ridden.  Line: 'RESTINT = 1825.0' in file MOM_override.


WARNING from PE     0: diag_util_mod::opening_file: module/field_name (ocean_model/ZB2020u) NOT registered


WARNING from PE     0: diag_util_mod::opening_file: module/field_name (ocean_model/ZB2020v) NOT registered


WARNING from PE     0: diag_util_mod::opening_file: module/field_name (ocean_model/KE_ZB2020) NOT registered


WARNING from PE     0: diag_util_mod::opening_file: module/field_name (ocean_model/ZB2020u) NOT registered


WARNING from PE     0: diag_util_mod::opening_file: module/field_name (ocean_model/ZB2020v) NOT registered


WARNING from PE     0: diag_util_mod::opening_file: module/field_name (ocean_model/KE_ZB2020) NOT registered


WARNING from PE     0: diag_util_mod::opening_file: module/field_name (ocean_model/ZB2020u) NOT registered


WARNING from PE     0: diag_util_mod::opening_file: module/field_name (ocean_model/ZB2020v) NOT registered


WARNING from PE     0: diag_util_mod::opening_file: module/field_name (ocean_model/KE_ZB2020) NOT registered


WARNING from PE     0: diag_util_mod::opening_file: module/field_name (ocean_model/ZB2020u) NOT registered


WARNING from PE     0: diag_util_mod::opening_file: module/field_name (ocean_model/ZB2020v) NOT registered


WARNING from PE     0: diag_util_mod::opening_file: module/field_name (ocean_model/KE_ZB2020) NOT registered


WARNING from PE     0: diag_util_mod::opening_file: module/field_name (ocean_model/ZB2020u) NOT registered


WARNING from PE     0: diag_util_mod::opening_file: module/field_name (ocean_model/ZB2020v) NOT registered


WARNING from PE     0: diag_util_mod::opening_file: module/field_name (ocean_model/KE_ZB2020) NOT registered


WARNING from PE     0: diag_util_mod::opening_file: module/field_name (ocean_model/ZB2020u) NOT registered


WARNING from PE     0: diag_util_mod::opening_file: module/field_name (ocean_model/ZB2020v) NOT registered


WARNING from PE     0: diag_util_mod::opening_file: module/field_name (ocean_model/KE_ZB2020) NOT registered


WARNING from PE     0: diag_util_mod::opening_file: module/field_name (ocean_model/ZB2020u) NOT registered


WARNING from PE     0: diag_util_mod::opening_file: module/field_name (ocean_model/ZB2020v) NOT registered


WARNING from PE     0: diag_util_mod::opening_file: module/field_name (ocean_model/KE_ZB2020) NOT registered


WARNING from PE     0: diag_util_mod::opening_file: module/field_name (ocean_model/ZB2020u) NOT registered


WARNING from PE     0: diag_util_mod::opening_file: module/field_name (ocean_model/ZB2020v) NOT registered


WARNING from PE     0: diag_util_mod::opening_file: module/field_name (ocean_model/KE_ZB2020) NOT registered


WARNING from PE     0: diag_util_mod::opening_file: module/field_name (ocean_model/ZB2020u) NOT registered


WARNING from PE     0: diag_util_mod::opening_file: module/field_name (ocean_model/ZB2020v) NOT registered


WARNING from PE     0: diag_util_mod::opening_file: module/field_name (ocean_model/KE_ZB2020) NOT registered


WARNING from PE     0: diag_util_mod::opening_file: module/field_name (ocean_model/ZB2020u) NOT registered


WARNING from PE     0: diag_util_mod::opening_file: module/field_name (ocean_model/ZB2020v) NOT registered


WARNING from PE     0: diag_util_mod::opening_file: module/field_name (ocean_model/KE_ZB2020) NOT registered


WARNING from PE     0: diag_util_mod::opening_file: module/field_name (ocean_model/ZB2020u) NOT registered


WARNING from PE     0: diag_util_mod::opening_file: module/field_name (ocean_model/ZB2020v) NOT registered


WARNING from PE     0: diag_util_mod::opening_file: module/field_name (ocean_model/KE_ZB2020) NOT registered


WARNING from PE     0: diag_util_mod::opening_file: module/field_name (ocean_model/ZB2020u) NOT registered


WARNING from PE     0: diag_util_mod::opening_file: module/field_name (ocean_model/ZB2020v) NOT registered


WARNING from PE     0: diag_util_mod::opening_file: module/field_name (ocean_model/KE_ZB2020) NOT registered


WARNING from PE     0: diag_util_mod::opening_file: module/field_name (ocean_model/ZB2020u) NOT registered


WARNING from PE     0: diag_util_mod::opening_file: module/field_name (ocean_model/ZB2020v) NOT registered


WARNING from PE     0: diag_util_mod::opening_file: module/field_name (ocean_model/KE_ZB2020) NOT registered


WARNING from PE     0: diag_util_mod::opening_file: module/field_name (ocean_model/ZB2020u) NOT registered


WARNING from PE     0: diag_util_mod::opening_file: module/field_name (ocean_model/ZB2020v) NOT registered


WARNING from PE     0: diag_util_mod::opening_file: module/field_name (ocean_model/KE_ZB2020) NOT registered


WARNING from PE     0: diag_util_mod::opening_file: module/field_name (ocean_model/ZB2020u) NOT registered


WARNING from PE     0: diag_util_mod::opening_file: module/field_name (ocean_model/ZB2020v) NOT registered


WARNING from PE     0: diag_util_mod::opening_file: module/field_name (ocean_model/KE_ZB2020) NOT registered


WARNING from PE     0: diag_util_mod::opening_file: module/field_name (ocean_model/ZB2020u) NOT registered


WARNING from PE     0: diag_util_mod::opening_file: module/field_name (ocean_model/ZB2020v) NOT registered


WARNING from PE     0: diag_util_mod::opening_file: module/field_name (ocean_model/KE_ZB2020) NOT registered


WARNING from PE     0: diag_util_mod::opening_file: module/field_name (ocean_model/ZB2020u) NOT registered


WARNING from PE     0: diag_util_mod::opening_file: module/field_name (ocean_model/ZB2020v) NOT registered


WARNING from PE     0: diag_util_mod::opening_file: module/field_name (ocean_model/KE_ZB2020) NOT registered


WARNING from PE     0: diag_util_mod::opening_file: module/field_name (ocean_model/ZB2020u) NOT registered


WARNING from PE     0: diag_util_mod::opening_file: module/field_name (ocean_model/ZB2020v) NOT registered


WARNING from PE     0: diag_util_mod::opening_file: module/field_name (ocean_model/KE_ZB2020) NOT registered


WARNING from PE     0: diag_util_mod::opening_file: module/field_name (ocean_model/ZB2020u) NOT registered


WARNING from PE     0: diag_util_mod::opening_file: module/field_name (ocean_model/ZB2020v) NOT registered


WARNING from PE     0: diag_util_mod::opening_file: module/field_name (ocean_model/KE_ZB2020) NOT registered


WARNING from PE     0: diag_util_mod::opening_file: module/field_name (ocean_model/ZB2020u) NOT registered


WARNING from PE     0: diag_util_mod::opening_file: module/field_name (ocean_model/ZB2020v) NOT registered


WARNING from PE     0: diag_util_mod::opening_file: module/field_name (ocean_model/KE_ZB2020) NOT registered


WARNING from PE     0: diag_manager_mod::closing_file: module/output_field ocean_model/p_surf, skip one time level, maybe send_data never called

                              20220311 204046.636: Memuse(MB) at Memory HiWaterMark=  1.611E+02  1.699E+02  3.186E+00  1.628E+02
